<?xml version="1.0" encoding="UTF-8"?>
<coverage generated="1735120728081" clover="3.2.0">
  <project timestamp="1735120728081" name="All files">
    <metrics statements="34" coveredstatements="27" conditionals="16" coveredconditionals="14" methods="10" coveredmethods="8" elements="60" coveredelements="49" complexity="0" loc="34" ncloc="34" packages="2" files="10" classes="10"/>
    <package name="src">
      <metrics statements="17" coveredstatements="10" conditionals="8" coveredconditionals="6" methods="5" coveredmethods="3"/>
      <file name="addByX.js" path="C:\Users\User\PROJECTS\jestPractice\advanced\src\addByX.js">
        <metrics statements="0" coveredstatements="0" conditionals="0" coveredconditionals="0" methods="0" coveredmethods="0"/>
      </file>
      <file name="createTodo.js" path="C:\Users\User\PROJECTS\jestPractice\advanced\src\createTodo.js">
        <metrics statements="6" coveredstatements="6" conditionals="4" coveredconditionals="4" methods="2" coveredmethods="2"/>
        <line num="4" count="4" type="cond" truecount="2" falsecount="0"/>
        <line num="5" count="2" type="stmt"/>
        <line num="8" count="2" type="stmt"/>
        <line num="16" count="2" type="stmt"/>
        <line num="22" count="2" type="cond" truecount="2" falsecount="0"/>
        <line num="24" count="1" type="stmt"/>
      </file>
      <file name="filterArray.js" path="C:\Users\User\PROJECTS\jestPractice\advanced\src\filterArray.js">
        <metrics statements="4" coveredstatements="4" conditionals="2" coveredconditionals="2" methods="1" coveredmethods="1"/>
        <line num="2" count="3" type="stmt"/>
        <line num="3" count="3" type="stmt"/>
        <line num="5" count="9" type="cond" truecount="2" falsecount="0"/>
        <line num="7" count="3" type="stmt"/>
      </file>
      <file name="getLength.js" path="C:\Users\User\PROJECTS\jestPractice\advanced\src\getLength.js">
        <metrics statements="2" coveredstatements="0" conditionals="2" coveredconditionals="0" methods="1" coveredmethods="0"/>
        <line num="2" count="0" type="cond" truecount="0" falsecount="2"/>
        <line num="4" count="0" type="stmt"/>
      </file>
      <file name="getTodos.js" path="C:\Users\User\PROJECTS\jestPractice\advanced\src\getTodos.js">
        <metrics statements="5" coveredstatements="0" conditionals="0" coveredconditionals="0" methods="1" coveredmethods="0"/>
        <line num="4" count="0" type="stmt"/>
        <line num="5" count="0" type="stmt"/>
        <line num="9" count="0" type="stmt"/>
        <line num="11" count="0" type="stmt"/>
        <line num="13" count="0" type="stmt"/>
      </file>
    </package>
    <package name="src.res">
      <metrics statements="17" coveredstatements="17" conditionals="8" coveredconditionals="8" methods="5" coveredmethods="5"/>
      <file name="addByX.js" path="C:\Users\User\PROJECTS\jestPractice\advanced\src\res\addByX.js">
        <metrics statements="0" coveredstatements="0" conditionals="0" coveredconditionals="0" methods="0" coveredmethods="0"/>
      </file>
      <file name="createTodo.js" path="C:\Users\User\PROJECTS\jestPractice\advanced\src\res\createTodo.js">
        <metrics statements="6" coveredstatements="6" conditionals="4" coveredconditionals="4" methods="2" coveredmethods="2"/>
        <line num="4" count="5" type="cond" truecount="2" falsecount="0"/>
        <line num="5" count="1" type="stmt"/>
        <line num="8" count="4" type="stmt"/>
        <line num="16" count="3" type="stmt"/>
        <line num="22" count="2" type="cond" truecount="2" falsecount="0"/>
        <line num="24" count="1" type="stmt"/>
      </file>
      <file name="filterArray.js" path="C:\Users\User\PROJECTS\jestPractice\advanced\src\res\filterArray.js">
        <metrics statements="4" coveredstatements="4" conditionals="2" coveredconditionals="2" methods="1" coveredmethods="1"/>
        <line num="2" count="3" type="stmt"/>
        <line num="3" count="3" type="stmt"/>
        <line num="5" count="9" type="cond" truecount="2" falsecount="0"/>
        <line num="7" count="3" type="stmt"/>
      </file>
      <file name="getLength.js" path="C:\Users\User\PROJECTS\jestPractice\advanced\src\res\getLength.js">
        <metrics statements="2" coveredstatements="2" conditionals="2" coveredconditionals="2" methods="1" coveredmethods="1"/>
        <line num="2" count="22" type="cond" truecount="2" falsecount="0"/>
        <line num="4" count="16" type="stmt"/>
      </file>
      <file name="getTodos.js" path="C:\Users\User\PROJECTS\jestPractice\advanced\src\res\getTodos.js">
        <metrics statements="5" coveredstatements="5" conditionals="0" coveredconditionals="0" methods="1" coveredmethods="1"/>
        <line num="4" count="2" type="stmt"/>
        <line num="5" count="2" type="stmt"/>
        <line num="9" count="1" type="stmt"/>
        <line num="11" count="1" type="stmt"/>
        <line num="13" count="1" type="stmt"/>
      </file>
    </package>
  </project>
</coverage>
