{"C:\\Users\\User\\PROJECTS\\jestPractice\\advanced\\src\\addByX.js": {"path":"C:\\Users\\User\\PROJECTS\\jestPractice\\advanced\\src\\addByX.js","statementMap":{},"fnMap":{},"branchMap":{},"s":{},"f":{},"b":{}}
,"C:\\Users\\User\\PROJECTS\\jestPractice\\advanced\\src\\createTodo.js": {"path":"C:\\Users\\User\\PROJECTS\\jestPractice\\advanced\\src\\createTodo.js","statementMap":{"0":{"start":{"line":4,"column":2},"end":{"line":6,"column":3}},"1":{"start":{"line":5,"column":4},"end":{"line":5,"column":42}},"2":{"start":{"line":8,"column":2},"end":{"line":12,"column":4}},"3":{"start":{"line":16,"column":19},"end":{"line":20,"column":4}},"4":{"start":{"line":22,"column":2},"end":{"line":22,"column":58}},"5":{"start":{"line":22,"column":20},"end":{"line":22,"column":58}},"6":{"start":{"line":24,"column":2},"end":{"line":24,"column":25}}},"fnMap":{"0":{"name":"createTodo","decl":{"start":{"line":3,"column":16},"end":{"line":3,"column":26}},"loc":{"start":{"line":3,"column":34},"end":{"line":13,"column":1}},"line":3},"1":{"name":"createTodoOnServer","decl":{"start":{"line":15,"column":22},"end":{"line":15,"column":40}},"loc":{"start":{"line":15,"column":48},"end":{"line":25,"column":1}},"line":15}},"branchMap":{"0":{"loc":{"start":{"line":4,"column":2},"end":{"line":6,"column":3}},"type":"if","locations":[{"start":{"line":4,"column":2},"end":{"line":6,"column":3}},{"start":{},"end":{}}],"line":4},"1":{"loc":{"start":{"line":22,"column":2},"end":{"line":22,"column":58}},"type":"if","locations":[{"start":{"line":22,"column":2},"end":{"line":22,"column":58}},{"start":{},"end":{}}],"line":22}},"s":{"0":4,"1":2,"2":2,"3":2,"4":2,"5":1,"6":1},"f":{"0":4,"1":2},"b":{"0":[2,2],"1":[1,1]},"_coverageSchema":"1a1c01bbd47fc00a2c39e90264f33305004495a9","hash":"41364e5364d67bf2669a20a90cca83c4f68a4dfc"}
,"C:\\Users\\User\\PROJECTS\\jestPractice\\advanced\\src\\filterArray.js": {"path":"C:\\Users\\User\\PROJECTS\\jestPractice\\advanced\\src\\filterArray.js","statementMap":{"0":{"start":{"line":2,"column":19},"end":{"line":2,"column":21}},"1":{"start":{"line":3,"column":2},"end":{"line":6,"column":3}},"2":{"start":{"line":3,"column":15},"end":{"line":3,"column":16}},"3":{"start":{"line":5,"column":4},"end":{"line":5,"column":52}},"4":{"start":{"line":5,"column":28},"end":{"line":5,"column":52}},"5":{"start":{"line":7,"column":2},"end":{"line":7,"column":18}}},"fnMap":{"0":{"name":"filterArray","decl":{"start":{"line":1,"column":16},"end":{"line":1,"column":27}},"loc":{"start":{"line":1,"column":45},"end":{"line":8,"column":1}},"line":1}},"branchMap":{"0":{"loc":{"start":{"line":5,"column":4},"end":{"line":5,"column":52}},"type":"if","locations":[{"start":{"line":5,"column":4},"end":{"line":5,"column":52}},{"start":{},"end":{}}],"line":5}},"s":{"0":3,"1":3,"2":3,"3":9,"4":4,"5":3},"f":{"0":3},"b":{"0":[4,5]},"_coverageSchema":"1a1c01bbd47fc00a2c39e90264f33305004495a9","hash":"df96e42078656a3c25ad0d29566b9ec0c5d2de1d"}
,"C:\\Users\\User\\PROJECTS\\jestPractice\\advanced\\src\\getLength.js": {"path":"C:\\Users\\User\\PROJECTS\\jestPractice\\advanced\\src\\getLength.js","statementMap":{"0":{"start":{"line":2,"column":4},"end":{"line":2,"column":44}},"1":{"start":{"line":2,"column":35},"end":{"line":2,"column":44}},"2":{"start":{"line":4,"column":2},"end":{"line":4,"column":30}}},"fnMap":{"0":{"name":"getLength","decl":{"start":{"line":1,"column":16},"end":{"line":1,"column":25}},"loc":{"start":{"line":1,"column":33},"end":{"line":5,"column":1}},"line":1}},"branchMap":{"0":{"loc":{"start":{"line":2,"column":4},"end":{"line":2,"column":44}},"type":"if","locations":[{"start":{"line":2,"column":4},"end":{"line":2,"column":44}},{"start":{},"end":{}}],"line":2}},"s":{"0":0,"1":0,"2":0},"f":{"0":0},"b":{"0":[0,0]}}
,"C:\\Users\\User\\PROJECTS\\jestPractice\\advanced\\src\\getTodos.js": {"path":"C:\\Users\\User\\PROJECTS\\jestPractice\\advanced\\src\\getTodos.js","statementMap":{"0":{"start":{"line":4,"column":2},"end":{"line":14,"column":3}},"1":{"start":{"line":5,"column":21},"end":{"line":7,"column":5}},"2":{"start":{"line":9,"column":4},"end":{"line":9,"column":16}},"3":{"start":{"line":11,"column":4},"end":{"line":11,"column":25}},"4":{"start":{"line":13,"column":4},"end":{"line":13,"column":14}}},"fnMap":{"0":{"name":"getTodos","decl":{"start":{"line":3,"column":22},"end":{"line":3,"column":30}},"loc":{"start":{"line":3,"column":33},"end":{"line":15,"column":1}},"line":3}},"branchMap":{},"s":{"0":0,"1":0,"2":0,"3":0,"4":0},"f":{"0":0},"b":{}}
,"C:\\Users\\User\\PROJECTS\\jestPractice\\advanced\\src\\res\\addByX.js": {"path":"C:\\Users\\User\\PROJECTS\\jestPractice\\advanced\\src\\res\\addByX.js","statementMap":{},"fnMap":{},"branchMap":{},"s":{},"f":{},"b":{},"_coverageSchema":"1a1c01bbd47fc00a2c39e90264f33305004495a9","hash":"146ab7dd2cd094e4bc45be025b50f1b1622a4d7e"}
,"C:\\Users\\User\\PROJECTS\\jestPractice\\advanced\\src\\res\\createTodo.js": {"path":"C:\\Users\\User\\PROJECTS\\jestPractice\\advanced\\src\\res\\createTodo.js","statementMap":{"0":{"start":{"line":4,"column":2},"end":{"line":6,"column":3}},"1":{"start":{"line":5,"column":4},"end":{"line":5,"column":42}},"2":{"start":{"line":8,"column":2},"end":{"line":12,"column":4}},"3":{"start":{"line":16,"column":19},"end":{"line":20,"column":4}},"4":{"start":{"line":22,"column":2},"end":{"line":22,"column":58}},"5":{"start":{"line":22,"column":20},"end":{"line":22,"column":58}},"6":{"start":{"line":24,"column":2},"end":{"line":24,"column":25}}},"fnMap":{"0":{"name":"createTodo","decl":{"start":{"line":3,"column":16},"end":{"line":3,"column":26}},"loc":{"start":{"line":3,"column":34},"end":{"line":13,"column":1}},"line":3},"1":{"name":"createTodoOnServer","decl":{"start":{"line":15,"column":22},"end":{"line":15,"column":40}},"loc":{"start":{"line":15,"column":48},"end":{"line":25,"column":1}},"line":15}},"branchMap":{"0":{"loc":{"start":{"line":4,"column":2},"end":{"line":6,"column":3}},"type":"if","locations":[{"start":{"line":4,"column":2},"end":{"line":6,"column":3}},{"start":{},"end":{}}],"line":4},"1":{"loc":{"start":{"line":22,"column":2},"end":{"line":22,"column":58}},"type":"if","locations":[{"start":{"line":22,"column":2},"end":{"line":22,"column":58}},{"start":{},"end":{}}],"line":22}},"s":{"0":5,"1":1,"2":4,"3":3,"4":2,"5":1,"6":1},"f":{"0":5,"1":3},"b":{"0":[1,4],"1":[1,1]},"_coverageSchema":"1a1c01bbd47fc00a2c39e90264f33305004495a9","hash":"fd619ac896555a32d95b7aede525d9bc63dd0d2e"}
,"C:\\Users\\User\\PROJECTS\\jestPractice\\advanced\\src\\res\\filterArray.js": {"path":"C:\\Users\\User\\PROJECTS\\jestPractice\\advanced\\src\\res\\filterArray.js","statementMap":{"0":{"start":{"line":2,"column":19},"end":{"line":2,"column":21}},"1":{"start":{"line":3,"column":2},"end":{"line":6,"column":3}},"2":{"start":{"line":3,"column":15},"end":{"line":3,"column":16}},"3":{"start":{"line":5,"column":4},"end":{"line":5,"column":52}},"4":{"start":{"line":5,"column":28},"end":{"line":5,"column":52}},"5":{"start":{"line":7,"column":2},"end":{"line":7,"column":18}}},"fnMap":{"0":{"name":"filterArray","decl":{"start":{"line":1,"column":16},"end":{"line":1,"column":27}},"loc":{"start":{"line":1,"column":45},"end":{"line":8,"column":1}},"line":1}},"branchMap":{"0":{"loc":{"start":{"line":5,"column":4},"end":{"line":5,"column":52}},"type":"if","locations":[{"start":{"line":5,"column":4},"end":{"line":5,"column":52}},{"start":{},"end":{}}],"line":5}},"s":{"0":3,"1":3,"2":3,"3":9,"4":4,"5":3},"f":{"0":3},"b":{"0":[4,5]},"_coverageSchema":"1a1c01bbd47fc00a2c39e90264f33305004495a9","hash":"1b018cb60c8d3bf4be5976346356b00af3fabc16"}
,"C:\\Users\\User\\PROJECTS\\jestPractice\\advanced\\src\\res\\getLength.js": {"path":"C:\\Users\\User\\PROJECTS\\jestPractice\\advanced\\src\\res\\getLength.js","statementMap":{"0":{"start":{"line":2,"column":1},"end":{"line":2,"column":41}},"1":{"start":{"line":2,"column":32},"end":{"line":2,"column":41}},"2":{"start":{"line":4,"column":2},"end":{"line":4,"column":30}}},"fnMap":{"0":{"name":"getLength","decl":{"start":{"line":1,"column":16},"end":{"line":1,"column":25}},"loc":{"start":{"line":1,"column":33},"end":{"line":5,"column":1}},"line":1}},"branchMap":{"0":{"loc":{"start":{"line":2,"column":1},"end":{"line":2,"column":41}},"type":"if","locations":[{"start":{"line":2,"column":1},"end":{"line":2,"column":41}},{"start":{},"end":{}}],"line":2}},"s":{"0":22,"1":6,"2":16},"f":{"0":22},"b":{"0":[6,16]},"_coverageSchema":"1a1c01bbd47fc00a2c39e90264f33305004495a9","hash":"9122f3a393a42822886e1b0ee5d91d1284104d60"}
,"C:\\Users\\User\\PROJECTS\\jestPractice\\advanced\\src\\res\\getTodos.js": {"path":"C:\\Users\\User\\PROJECTS\\jestPractice\\advanced\\src\\res\\getTodos.js","statementMap":{"0":{"start":{"line":4,"column":2},"end":{"line":14,"column":3}},"1":{"start":{"line":5,"column":21},"end":{"line":7,"column":5}},"2":{"start":{"line":9,"column":4},"end":{"line":9,"column":16}},"3":{"start":{"line":11,"column":4},"end":{"line":11,"column":25}},"4":{"start":{"line":13,"column":4},"end":{"line":13,"column":14}}},"fnMap":{"0":{"name":"getTodos","decl":{"start":{"line":3,"column":22},"end":{"line":3,"column":30}},"loc":{"start":{"line":3,"column":33},"end":{"line":15,"column":1}},"line":3}},"branchMap":{},"s":{"0":2,"1":2,"2":1,"3":1,"4":1},"f":{"0":2},"b":{},"_coverageSchema":"1a1c01bbd47fc00a2c39e90264f33305004495a9","hash":"04813e65d6efe229d1fcbaeb1541ed548f2b4976"}
}
